<?xml version="1.0" encoding="UTF-8"?>
<!-- Generated by org.testng.reporters.JUnitXMLReporter -->
<testsuite ignored="0" hostname="ANILKUMAR" failures="1" tests="6" name="chrometest(failed)" time="111.865" errors="0" timestamp="2024-11-12T12:10:28 IST">
  <testcase classname="testCases.TC003_LoginDDT" name="verify_loginDDT" time="13.834"/>
  <testcase classname="testCases.TC003_LoginDDT" name="verify_loginDDT" time="11.804"/>
  <testcase classname="testCases.TC003_LoginDDT" name="verify_loginDDT" time="11.895"/>
  <testcase classname="testCases.TC003_LoginDDT" name="verify_loginDDT" time="13.592"/>
  <testcase classname="testCases.TC003_LoginDDT" name="verify_loginDDT" time="14.946"/>
  <testcase classname="testCases.TC002_LoginTest" name="verify_Login" time="12.027">
    <failure type="java.lang.AssertionError" message="Login Failed expected [true] but found [false]">
      <![CDATA[java.lang.AssertionError: Login Failed expected [true] but found [false]
at testCases.TC002_LoginTest.verify_Login(TC002_LoginTest.java:34)
at java.base/java.util.ArrayList.forEach(ArrayList.java:1597)
... Removed 31 stack frames]]>
    </failure>
  </testcase> <!-- verify_Login -->
</testsuite> <!-- chrometest(failed) -->
